mar. 24, 2025 9:32:37 DA TARDE myCienciasServer start
INFO: Server started on port 23456
mar. 24, 2025 9:32:47 DA TARDE myCienciasServer start
INFO: New client connected from /127.0.0.1
mar. 24, 2025 9:32:47 DA TARDE myCienciasServer handleClient
INFO: Received command: GET_CERT:maria
mar. 24, 2025 9:32:47 DA TARDE myCienciasServer handleClient
INFO: Received command: STORE_ENCRYPTED:maria:carros.pdf
mar. 24, 2025 9:32:47 DA TARDE myCienciasServer handleStoreEncrypted
INFO: Storing encrypted file for student maria: carros.pdf
mar. 24, 2025 9:32:47 DA TARDE myCienciasServer handleStoreEncrypted
INFO: Successfully stored encrypted file: carros.pdf
mar. 24, 2025 9:32:47 DA TARDE myCienciasServer handleClient
INFO: Received command: STORE_ENCRYPTED:maria:test.txt
mar. 24, 2025 9:32:47 DA TARDE myCienciasServer handleStoreEncrypted
INFO: Storing encrypted file for student maria: test.txt
mar. 24, 2025 9:32:47 DA TARDE myCienciasServer handleStoreEncrypted
INFO: Successfully stored encrypted file: test.txt
mar. 24, 2025 9:32:47 DA TARDE myCienciasServer handleClient
INFO: Client disconnected
mar. 24, 2025 9:33:04 DA TARDE myCienciasServer start
INFO: New client connected from /127.0.0.1
mar. 24, 2025 9:33:04 DA TARDE myCienciasServer handleClient
INFO: Received command: GET_FILE_INFO:maria:carros.pdf
mar. 24, 2025 9:33:04 DA TARDE myCienciasServer handleGetFileInfo
INFO: Getting file info for student maria: carros.pdf
mar. 24, 2025 9:33:04 DA TARDE myCienciasServer sendEncryptedFile
INFO: Sending encrypted file to student maria: carros.pdf
mar. 24, 2025 9:33:04 DA TARDE myCienciasServer sendEncryptedFile
INFO: Successfully sent encrypted file: carros.pdf
mar. 24, 2025 9:33:04 DA TARDE myCienciasServer handleClient
INFO: Received command: GET_FILE_INFO:maria:ficheiro.pdf
mar. 24, 2025 9:33:04 DA TARDE myCienciasServer handleGetFileInfo
INFO: Getting file info for student maria: ficheiro.pdf
mar. 24, 2025 9:33:04 DA TARDE myCienciasServer handleGetFileInfo
WARNING: File not found: ficheiro.pdf
mar. 24, 2025 9:33:04 DA TARDE myCienciasServer handleClient
INFO: Received command: GET_FILE_INFO:maria:test.txt
mar. 24, 2025 9:33:04 DA TARDE myCienciasServer handleGetFileInfo
INFO: Getting file info for student maria: test.txt
mar. 24, 2025 9:33:04 DA TARDE myCienciasServer sendEncryptedFile
INFO: Sending encrypted file to student maria: test.txt
mar. 24, 2025 9:33:04 DA TARDE myCienciasServer sendEncryptedFile
INFO: Successfully sent encrypted file: test.txt
mar. 24, 2025 9:33:04 DA TARDE myCienciasServer handleClient
INFO: Client disconnected
mar. 24, 2025 9:33:31 DA TARDE myCienciasServer start
INFO: New client connected from /127.0.0.1
mar. 24, 2025 9:33:31 DA TARDE myCienciasServer handleClient
INFO: Received command: GET_CERT:maria
mar. 24, 2025 9:33:31 DA TARDE myCienciasServer handleClient
INFO: Received command: STORE_ENCRYPTED:maria:ficheiro.pdf
mar. 24, 2025 9:33:31 DA TARDE myCienciasServer handleStoreEncrypted
INFO: Storing encrypted file for student maria: ficheiro.pdf
mar. 24, 2025 9:33:31 DA TARDE myCienciasServer handleStoreEncrypted
INFO: Successfully stored encrypted file: ficheiro.pdf
mar. 24, 2025 9:33:31 DA TARDE myCienciasServer handleClient
INFO: Received command: STORE_ENCRYPTED:maria:carros.pdf
mar. 24, 2025 9:33:31 DA TARDE myCienciasServer handleStoreEncrypted
INFO: Storing encrypted file for student maria: carros.pdf
mar. 24, 2025 9:33:31 DA TARDE myCienciasServer handleStoreEncrypted
INFO: Successfully stored encrypted file: carros.pdf
mar. 24, 2025 9:33:31 DA TARDE myCienciasServer handleClient
INFO: Received command: STORE_ENCRYPTED:maria:test.txt
mar. 24, 2025 9:33:31 DA TARDE myCienciasServer handleStoreEncrypted
INFO: Storing encrypted file for student maria: test.txt
mar. 24, 2025 9:33:31 DA TARDE myCienciasServer handleStoreEncrypted
INFO: Successfully stored encrypted file: test.txt
mar. 24, 2025 9:33:31 DA TARDE myCienciasServer handleClient
INFO: Client disconnected
mar. 24, 2025 9:33:44 DA TARDE myCienciasServer start
INFO: New client connected from /127.0.0.1
mar. 24, 2025 9:33:44 DA TARDE myCienciasServer handleClient
INFO: Received command: GET_FILE_INFO:maria:caros.pdf
mar. 24, 2025 9:33:44 DA TARDE myCienciasServer handleGetFileInfo
INFO: Getting file info for student maria: caros.pdf
mar. 24, 2025 9:33:44 DA TARDE myCienciasServer handleGetFileInfo
WARNING: File not found: caros.pdf
mar. 24, 2025 9:33:44 DA TARDE myCienciasServer handleClient
INFO: Received command: GET_FILE_INFO:maria:ficheiro.pdf
mar. 24, 2025 9:33:44 DA TARDE myCienciasServer handleGetFileInfo
INFO: Getting file info for student maria: ficheiro.pdf
mar. 24, 2025 9:33:44 DA TARDE myCienciasServer sendEncryptedFile
INFO: Sending encrypted file to student maria: ficheiro.pdf
mar. 24, 2025 9:33:44 DA TARDE myCienciasServer sendEncryptedFile
INFO: Successfully sent encrypted file: ficheiro.pdf
mar. 24, 2025 9:33:44 DA TARDE myCienciasServer handleClient
INFO: Received command: GET_FILE_INFO:maria:test.txt
mar. 24, 2025 9:33:44 DA TARDE myCienciasServer handleGetFileInfo
INFO: Getting file info for student maria: test.txt
mar. 24, 2025 9:33:44 DA TARDE myCienciasServer sendEncryptedFile
INFO: Sending encrypted file to student maria: test.txt
mar. 24, 2025 9:33:44 DA TARDE myCienciasServer sendEncryptedFile
INFO: Successfully sent encrypted file: test.txt
mar. 24, 2025 9:33:44 DA TARDE myCienciasServer handleClient
INFO: Client disconnected
mar. 24, 2025 9:34:00 DA TARDE myCienciasServer start
INFO: New client connected from /127.0.0.1
mar. 24, 2025 9:34:00 DA TARDE myCienciasServer handleClient
INFO: Received command: GET_FILE_INFO:maria:carros.pdf
mar. 24, 2025 9:34:00 DA TARDE myCienciasServer handleGetFileInfo
INFO: Getting file info for student maria: carros.pdf
mar. 24, 2025 9:34:00 DA TARDE myCienciasServer sendEncryptedFile
INFO: Sending encrypted file to student maria: carros.pdf
mar. 24, 2025 9:34:00 DA TARDE myCienciasServer sendEncryptedFile
INFO: Successfully sent encrypted file: carros.pdf
mar. 24, 2025 9:34:00 DA TARDE myCienciasServer handleClient
INFO: Received command: GET_FILE_INFO:maria:ficheiro.pdf
mar. 24, 2025 9:34:00 DA TARDE myCienciasServer handleGetFileInfo
INFO: Getting file info for student maria: ficheiro.pdf
mar. 24, 2025 9:34:00 DA TARDE myCienciasServer sendEncryptedFile
INFO: Sending encrypted file to student maria: ficheiro.pdf
mar. 24, 2025 9:34:00 DA TARDE myCienciasServer sendEncryptedFile
INFO: Successfully sent encrypted file: ficheiro.pdf
mar. 24, 2025 9:34:00 DA TARDE myCienciasServer handleClient
INFO: Received command: GET_FILE_INFO:maria:test.txt
mar. 24, 2025 9:34:00 DA TARDE myCienciasServer handleGetFileInfo
INFO: Getting file info for student maria: test.txt
mar. 24, 2025 9:34:00 DA TARDE myCienciasServer sendEncryptedFile
INFO: Sending encrypted file to student maria: test.txt
mar. 24, 2025 9:34:00 DA TARDE myCienciasServer sendEncryptedFile
INFO: Successfully sent encrypted file: test.txt
mar. 24, 2025 9:34:00 DA TARDE myCienciasServer handleClient
INFO: Client disconnected
mar. 24, 2025 9:34:59 DA TARDE myCienciasServer start
INFO: New client connected from /127.0.0.1
mar. 24, 2025 9:34:59 DA TARDE myCienciasServer handleClient
INFO: Received command: STORE_SIGNED:maria:ficheiro.pdf:silva
mar. 24, 2025 9:34:59 DA TARDE myCienciasServer handleStoreSigned
INFO: Storing signed file for student maria from emitter silva: ficheiro.pdf
mar. 24, 2025 9:34:59 DA TARDE myCienciasServer handleStoreSigned
INFO: Successfully stored signed file: ficheiro.pdf
mar. 24, 2025 9:34:59 DA TARDE myCienciasServer handleClient
INFO: Received command: STORE_SIGNED:maria:test.txt:silva
mar. 24, 2025 9:34:59 DA TARDE myCienciasServer handleStoreSigned
INFO: Storing signed file for student maria from emitter silva: test.txt
mar. 24, 2025 9:34:59 DA TARDE myCienciasServer handleStoreSigned
INFO: Successfully stored signed file: test.txt
mar. 24, 2025 9:34:59 DA TARDE myCienciasServer handleClient
INFO: Client disconnected
mar. 24, 2025 9:35:13 DA TARDE myCienciasServer start
INFO: New client connected from /127.0.0.1
mar. 24, 2025 9:35:13 DA TARDE myCienciasServer handleClient
INFO: Received command: GET_FILE_INFO:maria:carros.pdf
mar. 24, 2025 9:35:13 DA TARDE myCienciasServer handleGetFileInfo
INFO: Getting file info for student maria: carros.pdf
mar. 24, 2025 9:35:13 DA TARDE myCienciasServer handleGetFileInfo
WARNING: File not found: carros.pdf
mar. 24, 2025 9:35:13 DA TARDE myCienciasServer handleClient
INFO: Received command: GET_FILE_INFO:maria:ficheiro.pdf
mar. 24, 2025 9:35:13 DA TARDE myCienciasServer handleGetFileInfo
INFO: Getting file info for student maria: ficheiro.pdf
mar. 24, 2025 9:35:13 DA TARDE myCienciasServer sendSignedFile
INFO: Sending signed file to student maria: ficheiro.pdf
mar. 24, 2025 9:35:13 DA TARDE myCienciasServer sendSignedFile
INFO: Successfully sent signed file: ficheiro.pdf
mar. 24, 2025 9:35:13 DA TARDE myCienciasServer handleClient
INFO: Received command: GET_FILE_INFO:maria:test.txt
mar. 24, 2025 9:35:13 DA TARDE myCienciasServer handleGetFileInfo
INFO: Getting file info for student maria: test.txt
mar. 24, 2025 9:35:13 DA TARDE myCienciasServer sendSignedFile
INFO: Sending signed file to student maria: test.txt
mar. 24, 2025 9:35:13 DA TARDE myCienciasServer sendSignedFile
INFO: Successfully sent signed file: test.txt
mar. 24, 2025 9:35:13 DA TARDE myCienciasServer handleClient
INFO: Client disconnected
mar. 24, 2025 9:35:47 DA TARDE myCienciasServer start
INFO: New client connected from /127.0.0.1
mar. 24, 2025 9:35:47 DA TARDE myCienciasServer handleClient
INFO: Received command: STORE_SIGNED:maria:carros.pdf:silva
mar. 24, 2025 9:35:47 DA TARDE myCienciasServer handleStoreSigned
INFO: Storing signed file for student maria from emitter silva: carros.pdf
mar. 24, 2025 9:35:47 DA TARDE myCienciasServer handleStoreSigned
INFO: Successfully stored signed file: carros.pdf
mar. 24, 2025 9:35:47 DA TARDE myCienciasServer handleClient
INFO: Received command: STORE_SIGNED:maria:test.txt:silva
mar. 24, 2025 9:35:47 DA TARDE myCienciasServer handleStoreSigned
INFO: Storing signed file for student maria from emitter silva: test.txt
mar. 24, 2025 9:35:47 DA TARDE myCienciasServer handleStoreSigned
INFO: Successfully stored signed file: test.txt
mar. 24, 2025 9:35:47 DA TARDE myCienciasServer handleClient
INFO: Client disconnected
mar. 24, 2025 9:35:53 DA TARDE myCienciasServer start
INFO: New client connected from /127.0.0.1
mar. 24, 2025 9:35:53 DA TARDE myCienciasServer handleClient
INFO: Received command: GET_FILE_INFO:maria:carros.pdf
mar. 24, 2025 9:35:53 DA TARDE myCienciasServer handleGetFileInfo
INFO: Getting file info for student maria: carros.pdf
mar. 24, 2025 9:35:53 DA TARDE myCienciasServer sendSignedFile
INFO: Sending signed file to student maria: carros.pdf
mar. 24, 2025 9:35:53 DA TARDE myCienciasServer sendSignedFile
INFO: Successfully sent signed file: carros.pdf
mar. 24, 2025 9:35:53 DA TARDE myCienciasServer handleClient
INFO: Received command: GET_FILE_INFO:maria:ficheiro.pdf
mar. 24, 2025 9:35:53 DA TARDE myCienciasServer handleGetFileInfo
INFO: Getting file info for student maria: ficheiro.pdf
mar. 24, 2025 9:35:53 DA TARDE myCienciasServer handleGetFileInfo
WARNING: File not found: ficheiro.pdf
mar. 24, 2025 9:35:53 DA TARDE myCienciasServer handleClient
INFO: Received command: GET_FILE_INFO:maria:test.txt
mar. 24, 2025 9:35:53 DA TARDE myCienciasServer handleGetFileInfo
INFO: Getting file info for student maria: test.txt
mar. 24, 2025 9:35:53 DA TARDE myCienciasServer sendSignedFile
INFO: Sending signed file to student maria: test.txt
mar. 24, 2025 9:35:53 DA TARDE myCienciasServer sendSignedFile
INFO: Successfully sent signed file: test.txt
mar. 24, 2025 9:35:53 DA TARDE myCienciasServer handleClient
INFO: Client disconnected
mar. 24, 2025 9:37:13 DA TARDE myCienciasServer start
INFO: New client connected from /127.0.0.1
mar. 24, 2025 9:37:13 DA TARDE myCienciasServer handleClient
INFO: Received command: GET_CERT:maria
mar. 24, 2025 9:37:13 DA TARDE myCienciasServer handleClient
INFO: Received command: STORE_ENCRYPTED:maria:test5.pdf
mar. 24, 2025 9:37:13 DA TARDE myCienciasServer handleStoreEncrypted
INFO: Storing encrypted file for student maria: test5.pdf
mar. 24, 2025 9:37:13 DA TARDE myCienciasServer handleStoreEncrypted
INFO: Successfully stored encrypted file: test5.pdf
mar. 24, 2025 9:37:13 DA TARDE myCienciasServer handleClient
INFO: Client disconnected
mar. 24, 2025 9:37:27 DA TARDE myCienciasServer start
INFO: New client connected from /127.0.0.1
mar. 24, 2025 9:37:27 DA TARDE myCienciasServer handleClient
INFO: Received command: GET_FILE_INFO:maria:test5.pdf
mar. 24, 2025 9:37:27 DA TARDE myCienciasServer handleGetFileInfo
INFO: Getting file info for student maria: test5.pdf
mar. 24, 2025 9:37:27 DA TARDE myCienciasServer sendEncryptedFile
INFO: Sending encrypted file to student maria: test5.pdf
mar. 24, 2025 9:37:27 DA TARDE myCienciasServer sendEncryptedFile
INFO: Successfully sent encrypted file: test5.pdf
mar. 24, 2025 9:37:27 DA TARDE myCienciasServer handleClient
INFO: Client disconnected
mar. 24, 2025 9:43:17 DA TARDE myCienciasServer start
INFO: New client connected from /127.0.0.1
mar. 24, 2025 9:43:17 DA TARDE myCienciasServer handleClient
INFO: Received command: GET_CERT:maria
mar. 24, 2025 9:43:17 DA TARDE myCienciasServer handleClient
INFO: Received command: STORE_ENCRYPTED:maria:test5.pdf
mar. 24, 2025 9:43:17 DA TARDE myCienciasServer handleStoreEncrypted
INFO: Storing encrypted file for student maria: test5.pdf
mar. 24, 2025 9:43:17 DA TARDE myCienciasServer handleStoreEncrypted
INFO: Successfully stored encrypted file: test5.pdf
mar. 24, 2025 9:43:17 DA TARDE myCienciasServer handleClient
INFO: Client disconnected
mar. 24, 2025 9:43:32 DA TARDE myCienciasServer start
INFO: New client connected from /127.0.0.1
mar. 24, 2025 9:43:32 DA TARDE myCienciasServer handleClient
INFO: Received command: GET_FILE_INFO:maria:test5.pdf
mar. 24, 2025 9:43:32 DA TARDE myCienciasServer handleGetFileInfo
INFO: Getting file info for student maria: test5.pdf
mar. 24, 2025 9:43:32 DA TARDE myCienciasServer sendEncryptedFile
INFO: Sending encrypted file to student maria: test5.pdf
mar. 24, 2025 9:43:32 DA TARDE myCienciasServer sendEncryptedFile
INFO: Successfully sent encrypted file: test5.pdf
mar. 24, 2025 9:43:32 DA TARDE myCienciasServer handleClient
INFO: Client disconnected
